[2025-06-03 19:24:05Z INFO HostContext] No proxy settings were found based on environmental variables (http_proxy/https_proxy/HTTP_PROXY/HTTPS_PROXY)
[2025-06-03 19:24:05Z INFO HostContext] Well known directory 'Bin': '/Users/corray/university/sem6/admin/actions-runner/bin'
[2025-06-03 19:24:05Z INFO HostContext] Well known directory 'Root': '/Users/corray/university/sem6/admin/actions-runner'
[2025-06-03 19:24:05Z INFO HostContext] Well known config file 'Credentials': '/Users/corray/university/sem6/admin/actions-runner/.credentials'
[2025-06-03 19:24:05Z INFO HostContext] Well known directory 'Bin': '/Users/corray/university/sem6/admin/actions-runner/bin'
[2025-06-03 19:24:05Z INFO HostContext] Well known directory 'Root': '/Users/corray/university/sem6/admin/actions-runner'
[2025-06-03 19:24:05Z INFO HostContext] Well known config file 'Runner': '/Users/corray/university/sem6/admin/actions-runner/.runner'
[2025-06-03 19:24:05Z INFO Listener] Runner is built for OSX (X64) - osx-x64.
[2025-06-03 19:24:05Z INFO Listener] RuntimeInformation: Darwin 24.4.0 Darwin Kernel Version 24.4.0: Fri Apr 11 18:32:43 PDT 2025; root:xnu-11417.101.15~117/RELEASE_ARM64_T8103.
[2025-06-03 19:24:05Z INFO Listener] Version: 2.324.0
[2025-06-03 19:24:05Z INFO Listener] Commit: da3412efd49b1cf1a0fbdcbcee4e4ac4cc2177c8
[2025-06-03 19:24:05Z INFO Listener] Culture: en-US
[2025-06-03 19:24:05Z INFO Listener] UI Culture: en-US
[2025-06-03 19:24:05Z INFO HostContext] Well known directory 'Bin': '/Users/corray/university/sem6/admin/actions-runner/bin'
[2025-06-03 19:24:05Z INFO HostContext] Well known directory 'Root': '/Users/corray/university/sem6/admin/actions-runner'
[2025-06-03 19:24:05Z INFO Listener] Validating directory permissions for: '/Users/corray/university/sem6/admin/actions-runner'
[2025-06-03 19:24:05Z INFO CommandLineParser] Parse
[2025-06-03 19:24:05Z INFO CommandLineParser] Parsing 1 args
[2025-06-03 19:24:05Z INFO CommandLineParser] parsing argument
[2025-06-03 19:24:05Z INFO CommandLineParser] HasArgs: False
[2025-06-03 19:24:05Z INFO CommandLineParser] Adding Command: run
[2025-06-03 19:24:05Z INFO Listener] Arguments parsed
[2025-06-03 19:24:05Z INFO Runner] ExecuteCommand
[2025-06-03 19:24:05Z INFO ConfigurationStore] currentAssemblyLocation: /Users/corray/university/sem6/admin/actions-runner/bin/Runner.Listener.dll
[2025-06-03 19:24:05Z INFO HostContext] Well known directory 'Bin': '/Users/corray/university/sem6/admin/actions-runner/bin'
[2025-06-03 19:24:05Z INFO ConfigurationStore] binPath: /Users/corray/university/sem6/admin/actions-runner/bin
[2025-06-03 19:24:05Z INFO HostContext] Well known directory 'Bin': '/Users/corray/university/sem6/admin/actions-runner/bin'
[2025-06-03 19:24:05Z INFO HostContext] Well known directory 'Root': '/Users/corray/university/sem6/admin/actions-runner'
[2025-06-03 19:24:05Z INFO ConfigurationStore] RootFolder: /Users/corray/university/sem6/admin/actions-runner
[2025-06-03 19:24:05Z INFO HostContext] Well known directory 'Bin': '/Users/corray/university/sem6/admin/actions-runner/bin'
[2025-06-03 19:24:05Z INFO HostContext] Well known directory 'Root': '/Users/corray/university/sem6/admin/actions-runner'
[2025-06-03 19:24:05Z INFO HostContext] Well known config file 'Runner': '/Users/corray/university/sem6/admin/actions-runner/.runner'
[2025-06-03 19:24:05Z INFO ConfigurationStore] ConfigFilePath: /Users/corray/university/sem6/admin/actions-runner/.runner
[2025-06-03 19:24:05Z INFO HostContext] Well known directory 'Bin': '/Users/corray/university/sem6/admin/actions-runner/bin'
[2025-06-03 19:24:05Z INFO HostContext] Well known directory 'Root': '/Users/corray/university/sem6/admin/actions-runner'
[2025-06-03 19:24:05Z INFO HostContext] Well known config file 'MigratedRunner': '/Users/corray/university/sem6/admin/actions-runner/.runner_migrated'
[2025-06-03 19:24:05Z INFO ConfigurationStore] MigratedConfigFilePath: /Users/corray/university/sem6/admin/actions-runner/.runner_migrated
[2025-06-03 19:24:05Z INFO HostContext] Well known directory 'Bin': '/Users/corray/university/sem6/admin/actions-runner/bin'
[2025-06-03 19:24:05Z INFO HostContext] Well known directory 'Root': '/Users/corray/university/sem6/admin/actions-runner'
[2025-06-03 19:24:05Z INFO HostContext] Well known config file 'Credentials': '/Users/corray/university/sem6/admin/actions-runner/.credentials'
[2025-06-03 19:24:05Z INFO ConfigurationStore] CredFilePath: /Users/corray/university/sem6/admin/actions-runner/.credentials
[2025-06-03 19:24:05Z INFO HostContext] Well known directory 'Bin': '/Users/corray/university/sem6/admin/actions-runner/bin'
[2025-06-03 19:24:05Z INFO HostContext] Well known directory 'Root': '/Users/corray/university/sem6/admin/actions-runner'
[2025-06-03 19:24:05Z INFO HostContext] Well known config file 'MigratedCredentials': '/Users/corray/university/sem6/admin/actions-runner/.credentials_migrated'
[2025-06-03 19:24:05Z INFO ConfigurationStore] MigratedCredFilePath: /Users/corray/university/sem6/admin/actions-runner/.credentials_migrated
[2025-06-03 19:24:05Z INFO HostContext] Well known directory 'Bin': '/Users/corray/university/sem6/admin/actions-runner/bin'
[2025-06-03 19:24:05Z INFO HostContext] Well known directory 'Root': '/Users/corray/university/sem6/admin/actions-runner'
[2025-06-03 19:24:05Z INFO HostContext] Well known config file 'Service': '/Users/corray/university/sem6/admin/actions-runner/.service'
[2025-06-03 19:24:05Z INFO ConfigurationStore] ServiceConfigFilePath: /Users/corray/university/sem6/admin/actions-runner/.service
[2025-06-03 19:24:05Z INFO CommandSettings] Flag 'help': 'False'
[2025-06-03 19:24:05Z INFO CommandSettings] Flag 'version': 'False'
[2025-06-03 19:24:05Z INFO CommandSettings] Flag 'commit': 'False'
[2025-06-03 19:24:05Z INFO CommandSettings] Flag 'check': 'False'
[2025-06-03 19:24:05Z INFO CommandSettings] Command 'configure': 'False'
[2025-06-03 19:24:05Z INFO CommandSettings] Command 'remove': 'False'
[2025-06-03 19:24:05Z INFO CommandSettings] Command 'warmup': 'False'
[2025-06-03 19:24:05Z INFO ConfigurationManager] LoadSettings
[2025-06-03 19:24:05Z INFO ConfigurationStore] IsConfigured()
[2025-06-03 19:24:05Z INFO ConfigurationStore] IsConfigured: True
[2025-06-03 19:24:05Z INFO ConfigurationManager] Is configured: True
[2025-06-03 19:24:05Z INFO ConfigurationStore] Read setting file: 386 chars
[2025-06-03 19:24:05Z INFO ConfigurationManager] Settings Loaded
[2025-06-03 19:24:05Z INFO ConfigurationStore] IsServiceConfigured()
[2025-06-03 19:24:05Z INFO ConfigurationStore] IsServiceConfigured: False
[2025-06-03 19:24:05Z INFO CommandSettings] Command 'run': 'True'
[2025-06-03 19:24:05Z INFO ConfigurationStore] IsConfigured()
[2025-06-03 19:24:05Z INFO ConfigurationStore] IsConfigured: True
[2025-06-03 19:24:05Z INFO ConfigurationManager] Is configured: True
[2025-06-03 19:24:05Z INFO Runner] Could not parse the argument value '' for StartupType. Defaulting to Manual
[2025-06-03 19:24:05Z INFO Runner] Set runner startup type - Manual
[2025-06-03 19:24:05Z INFO CommandSettings] Flag 'once': 'False'
[2025-06-03 19:24:05Z INFO CommandSettings] Flag 'once': 'False'
[2025-06-03 19:24:05Z INFO Runner] RunAsync
[2025-06-03 19:24:05Z INFO ConfigurationManager] LoadMigratedSettings
[2025-06-03 19:24:05Z INFO ConfigurationStore] IsMigratedConfigured()
[2025-06-03 19:24:05Z INFO ConfigurationStore] IsMigratedConfigured: False
[2025-06-03 19:24:05Z INFO Runner] Failed to load migrated settings: No migrated configuration found.
[2025-06-03 19:24:05Z INFO Runner] Falling back to original .runner settings
[2025-06-03 19:24:05Z INFO Runner] Using BrokerMessageListener
[2025-06-03 19:24:05Z INFO BrokerMessageListener] Using provided settings
[2025-06-03 19:24:05Z INFO BrokerMessageListener] {
  "AgentId": 2,
  "AgentName": "Marks-MacBook-Air",
  "PoolId": 1,
  "PoolName": "Default",
  "ServerUrl": "https://pipelinesghubeus13.actions.githubusercontent.com/ZCNC6oxYNBCIhqS2TQSMWoJuMEhYk33ski9HgsNMXNvmGQiplO/",
  "GitHubUrl": "https://github.com/Corray333/admin",
  "WorkFolder": "_work",
  "UseV2Flow": true,
  "ServerUrlV2": "https://broker.actions.githubusercontent.com/"
}
[2025-06-03 19:24:05Z INFO BrokerMessageListener] Loading Credentials
[2025-06-03 19:24:05Z INFO ConfigurationStore] HasCredentials()
[2025-06-03 19:24:05Z INFO ConfigurationStore] stored True
[2025-06-03 19:24:05Z INFO CredentialManager] GetCredentialProvider
[2025-06-03 19:24:05Z INFO CredentialManager] Creating type OAuth
[2025-06-03 19:24:05Z INFO CredentialManager] Creating credential type: OAuth
[2025-06-03 19:24:05Z INFO HostContext] Well known directory 'Bin': '/Users/corray/university/sem6/admin/actions-runner/bin'
[2025-06-03 19:24:05Z INFO HostContext] Well known directory 'Root': '/Users/corray/university/sem6/admin/actions-runner'
[2025-06-03 19:24:05Z INFO HostContext] Well known config file 'RSACredentials': '/Users/corray/university/sem6/admin/actions-runner/.credentials_rsaparams'
[2025-06-03 19:24:05Z INFO RSAFileKeyManager] Loading RSA key parameters from file /Users/corray/university/sem6/admin/actions-runner/.credentials_rsaparams
[2025-06-03 19:24:05Z INFO BrokerMessageListener] Attempt to create session.
[2025-06-03 19:24:05Z INFO BrokerMessageListener] Connecting to the Broker Server...
[2025-06-03 19:24:05Z INFO ConfigurationStore] HasCredentials()
[2025-06-03 19:24:05Z INFO ConfigurationStore] stored True
[2025-06-03 19:24:05Z INFO CredentialManager] GetCredentialProvider
[2025-06-03 19:24:05Z INFO CredentialManager] Creating type OAuth
[2025-06-03 19:24:05Z INFO CredentialManager] Creating credential type: OAuth
[2025-06-03 19:24:05Z INFO RSAFileKeyManager] Loading RSA key parameters from file /Users/corray/university/sem6/admin/actions-runner/.credentials_rsaparams
[2025-06-03 19:24:05Z INFO BrokerMessageListener] VssConnection created
[2025-06-03 19:24:05Z INFO BrokerMessageListener] Connecting to the Runner server...
[2025-06-03 19:24:05Z INFO RunnerServer] EstablishVssConnection
[2025-06-03 19:24:05Z INFO RunnerServer] Establish connection with 100 seconds timeout.
[2025-06-03 19:24:05Z INFO GitHubActionsService] Starting operation Location.GetConnectionData
[2025-06-03 19:24:05Z INFO RunnerServer] EstablishVssConnection
[2025-06-03 19:24:05Z INFO RunnerServer] Establish connection with 60 seconds timeout.
[2025-06-03 19:24:05Z INFO GitHubActionsService] Starting operation Location.GetConnectionData
[2025-06-03 19:24:05Z INFO RunnerServer] EstablishVssConnection
[2025-06-03 19:24:05Z INFO RunnerServer] Establish connection with 60 seconds timeout.
[2025-06-03 19:24:05Z INFO GitHubActionsService] Starting operation Location.GetConnectionData
[2025-06-03 19:24:07Z INFO GitHubActionsService] Finished operation Location.GetConnectionData
[2025-06-03 19:24:07Z INFO GitHubActionsService] Finished operation Location.GetConnectionData
[2025-06-03 19:24:07Z INFO GitHubActionsService] Finished operation Location.GetConnectionData
[2025-06-03 19:24:07Z INFO BrokerMessageListener] VssConnection created
[2025-06-03 19:24:07Z INFO Terminal] WRITE LINE: 
[2025-06-03 19:24:07Z INFO Terminal] WRITE LINE: 
[2025-06-03 19:24:07Z INFO RSAFileKeyManager] Loading RSA key parameters from file /Users/corray/university/sem6/admin/actions-runner/.credentials_rsaparams
[2025-06-03 19:24:07Z INFO RSAFileKeyManager] Loading RSA key parameters from file /Users/corray/university/sem6/admin/actions-runner/.credentials_rsaparams
[2025-06-03 19:24:08Z INFO GitHubActionsService] AAD Correlation ID for this token request: Unknown
[2025-06-03 19:24:09Z INFO BrokerMessageListener] Session created.
[2025-06-03 19:24:09Z INFO Terminal] WRITE LINE: Current runner version: '2.324.0'
[2025-06-03 19:24:09Z INFO Terminal] WRITE LINE: 2025-06-03 19:24:09Z: Listening for Jobs
[2025-06-03 19:24:09Z INFO JobDispatcher] Set runner/worker IPC timeout to 30 seconds.
[2025-06-03 19:36:43Z WARN GitHubActionsService] GET request to https://broker.actions.githubusercontent.com/message?sessionId=07347989-b05a-49a5-a39f-b30b26bda07a&status=Online&runnerVersion=2.324.0&os=macOS&architecture=X64&disableUpdate=false timed out after 100 seconds.
[2025-06-03 19:36:43Z ERR  BrokerServer] Catch exception during request
[2025-06-03 19:36:44Z ERR  BrokerServer] System.TimeoutException: The HTTP request timed out after 00:01:40.
 ---> System.Threading.Tasks.TaskCanceledException: The operation was canceled.
 ---> System.IO.IOException: Unable to read data from the transport connection: Operation canceled.
 ---> System.Net.Sockets.SocketException (89): Operation canceled
   --- End of inner exception stack trace ---
   at System.Net.Sockets.Socket.AwaitableSocketAsyncEventArgs.ThrowException(SocketError error, CancellationToken cancellationToken)
   at System.Net.Sockets.Socket.AwaitableSocketAsyncEventArgs.System.Threading.Tasks.Sources.IValueTaskSource<System.Int32>.GetResult(Int16 token)
   at System.Net.Security.SslStream.EnsureFullTlsFrameAsync[TIOAdapter](CancellationToken cancellationToken, Int32 estimatedSize)
   at System.Runtime.CompilerServices.PoolingAsyncValueTaskMethodBuilder`1.StateMachineBox`1.System.Threading.Tasks.Sources.IValueTaskSource<TResult>.GetResult(Int16 token)
   at System.Net.Security.SslStream.ReadAsyncInternal[TIOAdapter](Memory`1 buffer, CancellationToken cancellationToken)
   at System.Runtime.CompilerServices.PoolingAsyncValueTaskMethodBuilder`1.StateMachineBox`1.System.Threading.Tasks.Sources.IValueTaskSource<TResult>.GetResult(Int16 token)
   at System.Net.Http.HttpConnection.SendAsync(HttpRequestMessage request, Boolean async, CancellationToken cancellationToken)
   --- End of inner exception stack trace ---
   at System.Net.Http.HttpConnection.SendAsync(HttpRequestMessage request, Boolean async, CancellationToken cancellationToken)
   at System.Net.Http.AuthenticationHelper.SendWithNtAuthAsync(HttpRequestMessage request, Uri authUri, Boolean async, ICredentials credentials, Boolean isProxyAuth, HttpConnection connection, HttpConnectionPool connectionPool, CancellationToken cancellationToken)
   at System.Net.Http.HttpConnectionPool.SendWithVersionDetectionAndRetryAsync(HttpRequestMessage request, Boolean async, Boolean doRequestAuth, CancellationToken cancellationToken)
   at System.Net.Http.AuthenticationHelper.SendWithAuthAsync(HttpRequestMessage request, Uri authUri, Boolean async, ICredentials credentials, Boolean preAuthenticate, Boolean isProxyAuth, Boolean doRequestAuth, HttpConnectionPool pool, CancellationToken cancellationToken)
   at System.Net.Http.RedirectHandler.SendAsync(HttpRequestMessage request, Boolean async, CancellationToken cancellationToken)
   at GitHub.Services.Common.RawHttpMessageHandler.SendAsync(HttpRequestMessage request, CancellationToken cancellationToken)
   --- End of inner exception stack trace ---
   at GitHub.Services.Common.RawHttpMessageHandler.SendAsync(HttpRequestMessage request, CancellationToken cancellationToken)
   at GitHub.Services.Common.VssHttpRetryMessageHandler.SendAsync(HttpRequestMessage request, CancellationToken cancellationToken)
   at System.Net.Http.HttpClient.<SendAsync>g__Core|83_0(HttpRequestMessage request, HttpCompletionOption completionOption, CancellationTokenSource cts, Boolean disposeCts, CancellationTokenSource pendingRequestsCts, CancellationToken originalCancellationToken)
   at Sdk.WebApi.WebApi.RawHttpClientBase.SendAsync(HttpRequestMessage message, HttpCompletionOption completionOption, Object userState, CancellationToken cancellationToken)
   at Sdk.WebApi.WebApi.RawHttpClientBase.SendAsync[T](HttpRequestMessage message, Boolean readErrorBody, Object userState, CancellationToken cancellationToken)
   at Sdk.WebApi.WebApi.RawHttpClientBase.SendAsync[T](HttpMethod method, IEnumerable`1 additionalHeaders, Uri requestUri, HttpContent content, IEnumerable`1 queryParameters, Boolean readErrorBody, Object userState, CancellationToken cancellationToken)
   at GitHub.Actions.RunService.WebApi.BrokerHttpClient.GetRunnerMessageAsync(Nullable`1 sessionId, String runnerVersion, Nullable`1 status, String os, String architecture, Nullable`1 disableUpdate, CancellationToken cancellationToken)
   at GitHub.Runner.Common.BrokerServer.<>c__DisplayClass7_0.<<GetRunnerMessageAsync>b__0>d.MoveNext()
--- End of stack trace from previous location ---
   at GitHub.Runner.Common.RunnerService.RetryRequest[T](Func`1 func, CancellationToken cancellationToken, Int32 maxRetryAttemptsCount, Func`2 shouldRetry)
[2025-06-03 19:36:44Z ERR  BrokerServer] #####################################################
[2025-06-03 19:36:44Z ERR  BrokerServer] System.Threading.Tasks.TaskCanceledException: The operation was canceled.
 ---> System.IO.IOException: Unable to read data from the transport connection: Operation canceled.
 ---> System.Net.Sockets.SocketException (89): Operation canceled
   --- End of inner exception stack trace ---
   at System.Net.Sockets.Socket.AwaitableSocketAsyncEventArgs.ThrowException(SocketError error, CancellationToken cancellationToken)
   at System.Net.Sockets.Socket.AwaitableSocketAsyncEventArgs.System.Threading.Tasks.Sources.IValueTaskSource<System.Int32>.GetResult(Int16 token)
   at System.Net.Security.SslStream.EnsureFullTlsFrameAsync[TIOAdapter](CancellationToken cancellationToken, Int32 estimatedSize)
   at System.Runtime.CompilerServices.PoolingAsyncValueTaskMethodBuilder`1.StateMachineBox`1.System.Threading.Tasks.Sources.IValueTaskSource<TResult>.GetResult(Int16 token)
   at System.Net.Security.SslStream.ReadAsyncInternal[TIOAdapter](Memory`1 buffer, CancellationToken cancellationToken)
   at System.Runtime.CompilerServices.PoolingAsyncValueTaskMethodBuilder`1.StateMachineBox`1.System.Threading.Tasks.Sources.IValueTaskSource<TResult>.GetResult(Int16 token)
   at System.Net.Http.HttpConnection.SendAsync(HttpRequestMessage request, Boolean async, CancellationToken cancellationToken)
   --- End of inner exception stack trace ---
   at System.Net.Http.HttpConnection.SendAsync(HttpRequestMessage request, Boolean async, CancellationToken cancellationToken)
   at System.Net.Http.AuthenticationHelper.SendWithNtAuthAsync(HttpRequestMessage request, Uri authUri, Boolean async, ICredentials credentials, Boolean isProxyAuth, HttpConnection connection, HttpConnectionPool connectionPool, CancellationToken cancellationToken)
   at System.Net.Http.HttpConnectionPool.SendWithVersionDetectionAndRetryAsync(HttpRequestMessage request, Boolean async, Boolean doRequestAuth, CancellationToken cancellationToken)
   at System.Net.Http.AuthenticationHelper.SendWithAuthAsync(HttpRequestMessage request, Uri authUri, Boolean async, ICredentials credentials, Boolean preAuthenticate, Boolean isProxyAuth, Boolean doRequestAuth, HttpConnectionPool pool, CancellationToken cancellationToken)
   at System.Net.Http.RedirectHandler.SendAsync(HttpRequestMessage request, Boolean async, CancellationToken cancellationToken)
   at GitHub.Services.Common.RawHttpMessageHandler.SendAsync(HttpRequestMessage request, CancellationToken cancellationToken)
[2025-06-03 19:36:44Z ERR  BrokerServer] #####################################################
[2025-06-03 19:36:44Z ERR  BrokerServer] System.IO.IOException: Unable to read data from the transport connection: Operation canceled.
 ---> System.Net.Sockets.SocketException (89): Operation canceled
   --- End of inner exception stack trace ---
   at System.Net.Sockets.Socket.AwaitableSocketAsyncEventArgs.ThrowException(SocketError error, CancellationToken cancellationToken)
   at System.Net.Sockets.Socket.AwaitableSocketAsyncEventArgs.System.Threading.Tasks.Sources.IValueTaskSource<System.Int32>.GetResult(Int16 token)
   at System.Net.Security.SslStream.EnsureFullTlsFrameAsync[TIOAdapter](CancellationToken cancellationToken, Int32 estimatedSize)
   at System.Runtime.CompilerServices.PoolingAsyncValueTaskMethodBuilder`1.StateMachineBox`1.System.Threading.Tasks.Sources.IValueTaskSource<TResult>.GetResult(Int16 token)
   at System.Net.Security.SslStream.ReadAsyncInternal[TIOAdapter](Memory`1 buffer, CancellationToken cancellationToken)
   at System.Runtime.CompilerServices.PoolingAsyncValueTaskMethodBuilder`1.StateMachineBox`1.System.Threading.Tasks.Sources.IValueTaskSource<TResult>.GetResult(Int16 token)
   at System.Net.Http.HttpConnection.SendAsync(HttpRequestMessage request, Boolean async, CancellationToken cancellationToken)
[2025-06-03 19:36:44Z ERR  BrokerServer] #####################################################
[2025-06-03 19:36:44Z ERR  BrokerServer] System.Net.Sockets.SocketException (89): Operation canceled
[2025-06-03 19:36:44Z WARN BrokerServer] Back off 13.13 seconds before next retry. 4 attempt left.
[2025-06-03 20:04:48Z INFO Terminal] WRITE LINE: Exiting...
[2025-06-03 20:04:48Z INFO ConfigurationStore] IsServiceConfigured()
[2025-06-03 20:04:48Z INFO ConfigurationStore] IsServiceConfigured: False
[2025-06-03 20:04:48Z INFO HostContext] Runner will be shutdown for UserCancelled
[2025-06-03 20:04:48Z WARN GitHubActionsService] GET request to https://broker.actions.githubusercontent.com/message?sessionId=07347989-b05a-49a5-a39f-b30b26bda07a&status=Online&runnerVersion=2.324.0&os=macOS&architecture=X64&disableUpdate=false has been cancelled.
[2025-06-03 20:04:48Z ERR  BrokerServer] Catch exception during request
[2025-06-03 20:04:48Z ERR  BrokerServer] System.Threading.Tasks.TaskCanceledException: The operation was canceled.
 ---> System.Threading.Tasks.TaskCanceledException: The operation was canceled.
 ---> System.IO.IOException: Unable to read data from the transport connection: Operation canceled.
 ---> System.Net.Sockets.SocketException (89): Operation canceled
   --- End of inner exception stack trace ---
   at System.Net.Sockets.Socket.AwaitableSocketAsyncEventArgs.ThrowException(SocketError error, CancellationToken cancellationToken)
   at System.Net.Sockets.Socket.AwaitableSocketAsyncEventArgs.System.Threading.Tasks.Sources.IValueTaskSource<System.Int32>.GetResult(Int16 token)
   at System.Net.Security.SslStream.EnsureFullTlsFrameAsync[TIOAdapter](CancellationToken cancellationToken, Int32 estimatedSize)
   at System.Runtime.CompilerServices.PoolingAsyncValueTaskMethodBuilder`1.StateMachineBox`1.System.Threading.Tasks.Sources.IValueTaskSource<TResult>.GetResult(Int16 token)
   at System.Net.Security.SslStream.ReadAsyncInternal[TIOAdapter](Memory`1 buffer, CancellationToken cancellationToken)
   at System.Runtime.CompilerServices.PoolingAsyncValueTaskMethodBuilder`1.StateMachineBox`1.System.Threading.Tasks.Sources.IValueTaskSource<TResult>.GetResult(Int16 token)
   at System.Net.Http.HttpConnection.SendAsync(HttpRequestMessage request, Boolean async, CancellationToken cancellationToken)
   --- End of inner exception stack trace ---
   at System.Net.Http.HttpConnection.SendAsync(HttpRequestMessage request, Boolean async, CancellationToken cancellationToken)
   at System.Net.Http.AuthenticationHelper.SendWithNtAuthAsync(HttpRequestMessage request, Uri authUri, Boolean async, ICredentials credentials, Boolean isProxyAuth, HttpConnection connection, HttpConnectionPool connectionPool, CancellationToken cancellationToken)
   at System.Net.Http.HttpConnectionPool.SendWithVersionDetectionAndRetryAsync(HttpRequestMessage request, Boolean async, Boolean doRequestAuth, CancellationToken cancellationToken)
   at System.Net.Http.AuthenticationHelper.SendWithAuthAsync(HttpRequestMessage request, Uri authUri, Boolean async, ICredentials credentials, Boolean preAuthenticate, Boolean isProxyAuth, Boolean doRequestAuth, HttpConnectionPool pool, CancellationToken cancellationToken)
   at System.Net.Http.RedirectHandler.SendAsync(HttpRequestMessage request, Boolean async, CancellationToken cancellationToken)
   at GitHub.Services.Common.RawHttpMessageHandler.SendAsync(HttpRequestMessage request, CancellationToken cancellationToken)
   at GitHub.Services.Common.VssHttpRetryMessageHandler.SendAsync(HttpRequestMessage request, CancellationToken cancellationToken)
   at System.Net.Http.HttpClient.<SendAsync>g__Core|83_0(HttpRequestMessage request, HttpCompletionOption completionOption, CancellationTokenSource cts, Boolean disposeCts, CancellationTokenSource pendingRequestsCts, CancellationToken originalCancellationToken)
   --- End of inner exception stack trace ---
   at System.Net.Http.HttpClient.HandleFailure(Exception e, Boolean telemetryStarted, HttpResponseMessage response, CancellationTokenSource cts, CancellationToken cancellationToken, CancellationTokenSource pendingRequestsCts)
   at System.Net.Http.HttpClient.<SendAsync>g__Core|83_0(HttpRequestMessage request, HttpCompletionOption completionOption, CancellationTokenSource cts, Boolean disposeCts, CancellationTokenSource pendingRequestsCts, CancellationToken originalCancellationToken)
   at Sdk.WebApi.WebApi.RawHttpClientBase.SendAsync(HttpRequestMessage message, HttpCompletionOption completionOption, Object userState, CancellationToken cancellationToken)
   at Sdk.WebApi.WebApi.RawHttpClientBase.SendAsync[T](HttpRequestMessage message, Boolean readErrorBody, Object userState, CancellationToken cancellationToken)
   at Sdk.WebApi.WebApi.RawHttpClientBase.SendAsync[T](HttpMethod method, IEnumerable`1 additionalHeaders, Uri requestUri, HttpContent content, IEnumerable`1 queryParameters, Boolean readErrorBody, Object userState, CancellationToken cancellationToken)
   at GitHub.Actions.RunService.WebApi.BrokerHttpClient.GetRunnerMessageAsync(Nullable`1 sessionId, String runnerVersion, Nullable`1 status, String os, String architecture, Nullable`1 disableUpdate, CancellationToken cancellationToken)
   at GitHub.Runner.Common.BrokerServer.<>c__DisplayClass7_0.<<GetRunnerMessageAsync>b__0>d.MoveNext()
--- End of stack trace from previous location ---
   at GitHub.Runner.Common.RunnerService.RetryRequest[T](Func`1 func, CancellationToken cancellationToken, Int32 maxRetryAttemptsCount, Func`2 shouldRetry)
[2025-06-03 20:04:48Z ERR  BrokerServer] #####################################################
[2025-06-03 20:04:48Z ERR  BrokerServer] System.Threading.Tasks.TaskCanceledException: The operation was canceled.
 ---> System.IO.IOException: Unable to read data from the transport connection: Operation canceled.
 ---> System.Net.Sockets.SocketException (89): Operation canceled
   --- End of inner exception stack trace ---
   at System.Net.Sockets.Socket.AwaitableSocketAsyncEventArgs.ThrowException(SocketError error, CancellationToken cancellationToken)
   at System.Net.Sockets.Socket.AwaitableSocketAsyncEventArgs.System.Threading.Tasks.Sources.IValueTaskSource<System.Int32>.GetResult(Int16 token)
   at System.Net.Security.SslStream.EnsureFullTlsFrameAsync[TIOAdapter](CancellationToken cancellationToken, Int32 estimatedSize)
   at System.Runtime.CompilerServices.PoolingAsyncValueTaskMethodBuilder`1.StateMachineBox`1.System.Threading.Tasks.Sources.IValueTaskSource<TResult>.GetResult(Int16 token)
   at System.Net.Security.SslStream.ReadAsyncInternal[TIOAdapter](Memory`1 buffer, CancellationToken cancellationToken)
   at System.Runtime.CompilerServices.PoolingAsyncValueTaskMethodBuilder`1.StateMachineBox`1.System.Threading.Tasks.Sources.IValueTaskSource<TResult>.GetResult(Int16 token)
   at System.Net.Http.HttpConnection.SendAsync(HttpRequestMessage request, Boolean async, CancellationToken cancellationToken)
   --- End of inner exception stack trace ---
   at System.Net.Http.HttpConnection.SendAsync(HttpRequestMessage request, Boolean async, CancellationToken cancellationToken)
   at System.Net.Http.AuthenticationHelper.SendWithNtAuthAsync(HttpRequestMessage request, Uri authUri, Boolean async, ICredentials credentials, Boolean isProxyAuth, HttpConnection connection, HttpConnectionPool connectionPool, CancellationToken cancellationToken)
   at System.Net.Http.HttpConnectionPool.SendWithVersionDetectionAndRetryAsync(HttpRequestMessage request, Boolean async, Boolean doRequestAuth, CancellationToken cancellationToken)
   at System.Net.Http.AuthenticationHelper.SendWithAuthAsync(HttpRequestMessage request, Uri authUri, Boolean async, ICredentials credentials, Boolean preAuthenticate, Boolean isProxyAuth, Boolean doRequestAuth, HttpConnectionPool pool, CancellationToken cancellationToken)
   at System.Net.Http.RedirectHandler.SendAsync(HttpRequestMessage request, Boolean async, CancellationToken cancellationToken)
   at GitHub.Services.Common.RawHttpMessageHandler.SendAsync(HttpRequestMessage request, CancellationToken cancellationToken)
   at GitHub.Services.Common.VssHttpRetryMessageHandler.SendAsync(HttpRequestMessage request, CancellationToken cancellationToken)
   at System.Net.Http.HttpClient.<SendAsync>g__Core|83_0(HttpRequestMessage request, HttpCompletionOption completionOption, CancellationTokenSource cts, Boolean disposeCts, CancellationTokenSource pendingRequestsCts, CancellationToken originalCancellationToken)
[2025-06-03 20:04:48Z ERR  BrokerServer] #####################################################
[2025-06-03 20:04:48Z ERR  BrokerServer] System.IO.IOException: Unable to read data from the transport connection: Operation canceled.
 ---> System.Net.Sockets.SocketException (89): Operation canceled
   --- End of inner exception stack trace ---
   at System.Net.Sockets.Socket.AwaitableSocketAsyncEventArgs.ThrowException(SocketError error, CancellationToken cancellationToken)
   at System.Net.Sockets.Socket.AwaitableSocketAsyncEventArgs.System.Threading.Tasks.Sources.IValueTaskSource<System.Int32>.GetResult(Int16 token)
   at System.Net.Security.SslStream.EnsureFullTlsFrameAsync[TIOAdapter](CancellationToken cancellationToken, Int32 estimatedSize)
   at System.Runtime.CompilerServices.PoolingAsyncValueTaskMethodBuilder`1.StateMachineBox`1.System.Threading.Tasks.Sources.IValueTaskSource<TResult>.GetResult(Int16 token)
   at System.Net.Security.SslStream.ReadAsyncInternal[TIOAdapter](Memory`1 buffer, CancellationToken cancellationToken)
   at System.Runtime.CompilerServices.PoolingAsyncValueTaskMethodBuilder`1.StateMachineBox`1.System.Threading.Tasks.Sources.IValueTaskSource<TResult>.GetResult(Int16 token)
   at System.Net.Http.HttpConnection.SendAsync(HttpRequestMessage request, Boolean async, CancellationToken cancellationToken)
[2025-06-03 20:04:48Z ERR  BrokerServer] #####################################################
[2025-06-03 20:04:48Z ERR  BrokerServer] System.Net.Sockets.SocketException (89): Operation canceled
[2025-06-03 20:04:48Z WARN BrokerServer] Back off 11.15 seconds before next retry. 4 attempt left.
[2025-06-03 20:04:48Z INFO BrokerMessageListener] Get next message has been cancelled.
[2025-06-03 20:04:48Z INFO JobDispatcher] Shutting down JobDispatcher. Make sure all WorkerDispatcher has finished.
[2025-06-03 20:04:48Z INFO Runner] Deleting Runner Session...
[2025-06-03 20:04:49Z INFO Listener] Runner execution been cancelled.
