[2025-06-03 20:06:36Z INFO HostContext] No proxy settings were found based on environmental variables (http_proxy/https_proxy/HTTP_PROXY/HTTPS_PROXY)
[2025-06-03 20:06:36Z INFO HostContext] Well known directory 'Bin': '/Users/corray/university/sem6/admin/actions-runner/bin'
[2025-06-03 20:06:36Z INFO HostContext] Well known directory 'Root': '/Users/corray/university/sem6/admin/actions-runner'
[2025-06-03 20:06:36Z INFO HostContext] Well known config file 'Credentials': '/Users/corray/university/sem6/admin/actions-runner/.credentials'
[2025-06-03 20:06:37Z INFO HostContext] Well known directory 'Bin': '/Users/corray/university/sem6/admin/actions-runner/bin'
[2025-06-03 20:06:37Z INFO HostContext] Well known directory 'Root': '/Users/corray/university/sem6/admin/actions-runner'
[2025-06-03 20:06:37Z INFO HostContext] Well known config file 'Runner': '/Users/corray/university/sem6/admin/actions-runner/.runner'
[2025-06-03 20:06:37Z INFO Listener] Runner is built for OSX (X64) - osx-x64.
[2025-06-03 20:06:37Z INFO Listener] RuntimeInformation: Darwin 24.4.0 Darwin Kernel Version 24.4.0: Fri Apr 11 18:32:43 PDT 2025; root:xnu-11417.101.15~117/RELEASE_ARM64_T8103.
[2025-06-03 20:06:37Z INFO Listener] Version: 2.324.0
[2025-06-03 20:06:37Z INFO Listener] Commit: da3412efd49b1cf1a0fbdcbcee4e4ac4cc2177c8
[2025-06-03 20:06:37Z INFO Listener] Culture: en-US
[2025-06-03 20:06:37Z INFO Listener] UI Culture: en-US
[2025-06-03 20:06:37Z INFO HostContext] Well known directory 'Bin': '/Users/corray/university/sem6/admin/actions-runner/bin'
[2025-06-03 20:06:37Z INFO HostContext] Well known directory 'Root': '/Users/corray/university/sem6/admin/actions-runner'
[2025-06-03 20:06:37Z INFO Listener] Validating directory permissions for: '/Users/corray/university/sem6/admin/actions-runner'
[2025-06-03 20:06:37Z INFO CommandLineParser] Parse
[2025-06-03 20:06:37Z INFO CommandLineParser] Parsing 1 args
[2025-06-03 20:06:37Z INFO CommandLineParser] parsing argument
[2025-06-03 20:06:37Z INFO CommandLineParser] HasArgs: False
[2025-06-03 20:06:37Z INFO CommandLineParser] Adding Command: run
[2025-06-03 20:06:37Z INFO Listener] Arguments parsed
[2025-06-03 20:06:37Z INFO Runner] ExecuteCommand
[2025-06-03 20:06:37Z INFO ConfigurationStore] currentAssemblyLocation: /Users/corray/university/sem6/admin/actions-runner/bin/Runner.Listener.dll
[2025-06-03 20:06:37Z INFO HostContext] Well known directory 'Bin': '/Users/corray/university/sem6/admin/actions-runner/bin'
[2025-06-03 20:06:37Z INFO ConfigurationStore] binPath: /Users/corray/university/sem6/admin/actions-runner/bin
[2025-06-03 20:06:37Z INFO HostContext] Well known directory 'Bin': '/Users/corray/university/sem6/admin/actions-runner/bin'
[2025-06-03 20:06:37Z INFO HostContext] Well known directory 'Root': '/Users/corray/university/sem6/admin/actions-runner'
[2025-06-03 20:06:37Z INFO ConfigurationStore] RootFolder: /Users/corray/university/sem6/admin/actions-runner
[2025-06-03 20:06:37Z INFO HostContext] Well known directory 'Bin': '/Users/corray/university/sem6/admin/actions-runner/bin'
[2025-06-03 20:06:37Z INFO HostContext] Well known directory 'Root': '/Users/corray/university/sem6/admin/actions-runner'
[2025-06-03 20:06:37Z INFO HostContext] Well known config file 'Runner': '/Users/corray/university/sem6/admin/actions-runner/.runner'
[2025-06-03 20:06:37Z INFO ConfigurationStore] ConfigFilePath: /Users/corray/university/sem6/admin/actions-runner/.runner
[2025-06-03 20:06:37Z INFO HostContext] Well known directory 'Bin': '/Users/corray/university/sem6/admin/actions-runner/bin'
[2025-06-03 20:06:37Z INFO HostContext] Well known directory 'Root': '/Users/corray/university/sem6/admin/actions-runner'
[2025-06-03 20:06:37Z INFO HostContext] Well known config file 'MigratedRunner': '/Users/corray/university/sem6/admin/actions-runner/.runner_migrated'
[2025-06-03 20:06:37Z INFO ConfigurationStore] MigratedConfigFilePath: /Users/corray/university/sem6/admin/actions-runner/.runner_migrated
[2025-06-03 20:06:37Z INFO HostContext] Well known directory 'Bin': '/Users/corray/university/sem6/admin/actions-runner/bin'
[2025-06-03 20:06:37Z INFO HostContext] Well known directory 'Root': '/Users/corray/university/sem6/admin/actions-runner'
[2025-06-03 20:06:37Z INFO HostContext] Well known config file 'Credentials': '/Users/corray/university/sem6/admin/actions-runner/.credentials'
[2025-06-03 20:06:37Z INFO ConfigurationStore] CredFilePath: /Users/corray/university/sem6/admin/actions-runner/.credentials
[2025-06-03 20:06:37Z INFO HostContext] Well known directory 'Bin': '/Users/corray/university/sem6/admin/actions-runner/bin'
[2025-06-03 20:06:37Z INFO HostContext] Well known directory 'Root': '/Users/corray/university/sem6/admin/actions-runner'
[2025-06-03 20:06:37Z INFO HostContext] Well known config file 'MigratedCredentials': '/Users/corray/university/sem6/admin/actions-runner/.credentials_migrated'
[2025-06-03 20:06:37Z INFO ConfigurationStore] MigratedCredFilePath: /Users/corray/university/sem6/admin/actions-runner/.credentials_migrated
[2025-06-03 20:06:37Z INFO HostContext] Well known directory 'Bin': '/Users/corray/university/sem6/admin/actions-runner/bin'
[2025-06-03 20:06:37Z INFO HostContext] Well known directory 'Root': '/Users/corray/university/sem6/admin/actions-runner'
[2025-06-03 20:06:37Z INFO HostContext] Well known config file 'Service': '/Users/corray/university/sem6/admin/actions-runner/.service'
[2025-06-03 20:06:37Z INFO ConfigurationStore] ServiceConfigFilePath: /Users/corray/university/sem6/admin/actions-runner/.service
[2025-06-03 20:06:37Z INFO CommandSettings] Flag 'help': 'False'
[2025-06-03 20:06:37Z INFO CommandSettings] Flag 'version': 'False'
[2025-06-03 20:06:37Z INFO CommandSettings] Flag 'commit': 'False'
[2025-06-03 20:06:37Z INFO CommandSettings] Flag 'check': 'False'
[2025-06-03 20:06:37Z INFO CommandSettings] Command 'configure': 'False'
[2025-06-03 20:06:37Z INFO CommandSettings] Command 'remove': 'False'
[2025-06-03 20:06:37Z INFO CommandSettings] Command 'warmup': 'False'
[2025-06-03 20:06:37Z INFO ConfigurationManager] LoadSettings
[2025-06-03 20:06:37Z INFO ConfigurationStore] IsConfigured()
[2025-06-03 20:06:37Z INFO ConfigurationStore] IsConfigured: True
[2025-06-03 20:06:37Z INFO ConfigurationManager] Is configured: True
[2025-06-03 20:06:37Z INFO ConfigurationStore] Read setting file: 386 chars
[2025-06-03 20:06:37Z INFO ConfigurationManager] Settings Loaded
[2025-06-03 20:06:37Z INFO ConfigurationStore] IsServiceConfigured()
[2025-06-03 20:06:37Z INFO ConfigurationStore] IsServiceConfigured: False
[2025-06-03 20:06:37Z INFO CommandSettings] Command 'run': 'True'
[2025-06-03 20:06:37Z INFO ConfigurationStore] IsConfigured()
[2025-06-03 20:06:37Z INFO ConfigurationStore] IsConfigured: True
[2025-06-03 20:06:37Z INFO ConfigurationManager] Is configured: True
[2025-06-03 20:06:37Z INFO Runner] Could not parse the argument value '' for StartupType. Defaulting to Manual
[2025-06-03 20:06:37Z INFO Runner] Set runner startup type - Manual
[2025-06-03 20:06:37Z INFO CommandSettings] Flag 'once': 'False'
[2025-06-03 20:06:37Z INFO CommandSettings] Flag 'once': 'False'
[2025-06-03 20:06:37Z INFO Runner] RunAsync
[2025-06-03 20:06:37Z INFO ConfigurationManager] LoadMigratedSettings
[2025-06-03 20:06:37Z INFO ConfigurationStore] IsMigratedConfigured()
[2025-06-03 20:06:37Z INFO ConfigurationStore] IsMigratedConfigured: False
[2025-06-03 20:06:37Z INFO Runner] Failed to load migrated settings: No migrated configuration found.
[2025-06-03 20:06:37Z INFO Runner] Falling back to original .runner settings
[2025-06-03 20:06:37Z INFO Runner] Using BrokerMessageListener
[2025-06-03 20:06:37Z INFO BrokerMessageListener] Using provided settings
[2025-06-03 20:06:37Z INFO BrokerMessageListener] {
  "AgentId": 2,
  "AgentName": "Marks-MacBook-Air",
  "PoolId": 1,
  "PoolName": "Default",
  "ServerUrl": "https://pipelinesghubeus13.actions.githubusercontent.com/ZCNC6oxYNBCIhqS2TQSMWoJuMEhYk33ski9HgsNMXNvmGQiplO/",
  "GitHubUrl": "https://github.com/Corray333/admin",
  "WorkFolder": "_work",
  "UseV2Flow": true,
  "ServerUrlV2": "https://broker.actions.githubusercontent.com/"
}
[2025-06-03 20:06:37Z INFO BrokerMessageListener] Loading Credentials
[2025-06-03 20:06:37Z INFO ConfigurationStore] HasCredentials()
[2025-06-03 20:06:37Z INFO ConfigurationStore] stored True
[2025-06-03 20:06:37Z INFO CredentialManager] GetCredentialProvider
[2025-06-03 20:06:37Z INFO CredentialManager] Creating type OAuth
[2025-06-03 20:06:37Z INFO CredentialManager] Creating credential type: OAuth
[2025-06-03 20:06:37Z INFO HostContext] Well known directory 'Bin': '/Users/corray/university/sem6/admin/actions-runner/bin'
[2025-06-03 20:06:37Z INFO HostContext] Well known directory 'Root': '/Users/corray/university/sem6/admin/actions-runner'
[2025-06-03 20:06:37Z INFO HostContext] Well known config file 'RSACredentials': '/Users/corray/university/sem6/admin/actions-runner/.credentials_rsaparams'
[2025-06-03 20:06:37Z INFO RSAFileKeyManager] Loading RSA key parameters from file /Users/corray/university/sem6/admin/actions-runner/.credentials_rsaparams
[2025-06-03 20:06:37Z INFO BrokerMessageListener] Attempt to create session.
[2025-06-03 20:06:37Z INFO BrokerMessageListener] Connecting to the Broker Server...
[2025-06-03 20:06:37Z INFO ConfigurationStore] HasCredentials()
[2025-06-03 20:06:37Z INFO ConfigurationStore] stored True
[2025-06-03 20:06:37Z INFO CredentialManager] GetCredentialProvider
[2025-06-03 20:06:37Z INFO CredentialManager] Creating type OAuth
[2025-06-03 20:06:37Z INFO CredentialManager] Creating credential type: OAuth
[2025-06-03 20:06:37Z INFO RSAFileKeyManager] Loading RSA key parameters from file /Users/corray/university/sem6/admin/actions-runner/.credentials_rsaparams
[2025-06-03 20:06:37Z INFO BrokerMessageListener] VssConnection created
[2025-06-03 20:06:37Z INFO BrokerMessageListener] Connecting to the Runner server...
[2025-06-03 20:06:37Z INFO RunnerServer] EstablishVssConnection
[2025-06-03 20:06:37Z INFO RunnerServer] Establish connection with 100 seconds timeout.
[2025-06-03 20:06:37Z INFO GitHubActionsService] Starting operation Location.GetConnectionData
[2025-06-03 20:06:37Z INFO RunnerServer] EstablishVssConnection
[2025-06-03 20:06:37Z INFO RunnerServer] Establish connection with 60 seconds timeout.
[2025-06-03 20:06:37Z INFO GitHubActionsService] Starting operation Location.GetConnectionData
[2025-06-03 20:06:37Z INFO RunnerServer] EstablishVssConnection
[2025-06-03 20:06:37Z INFO RunnerServer] Establish connection with 60 seconds timeout.
[2025-06-03 20:06:37Z INFO GitHubActionsService] Starting operation Location.GetConnectionData
[2025-06-03 20:06:38Z INFO GitHubActionsService] Finished operation Location.GetConnectionData
[2025-06-03 20:06:38Z INFO GitHubActionsService] Finished operation Location.GetConnectionData
[2025-06-03 20:06:38Z INFO GitHubActionsService] Finished operation Location.GetConnectionData
[2025-06-03 20:06:39Z INFO BrokerMessageListener] VssConnection created
[2025-06-03 20:06:39Z INFO Terminal] WRITE LINE: 
[2025-06-03 20:06:39Z INFO Terminal] WRITE LINE: 
[2025-06-03 20:06:39Z INFO RSAFileKeyManager] Loading RSA key parameters from file /Users/corray/university/sem6/admin/actions-runner/.credentials_rsaparams
[2025-06-03 20:06:39Z INFO RSAFileKeyManager] Loading RSA key parameters from file /Users/corray/university/sem6/admin/actions-runner/.credentials_rsaparams
[2025-06-03 20:06:40Z INFO GitHubActionsService] AAD Correlation ID for this token request: Unknown
[2025-06-03 20:06:40Z INFO BrokerMessageListener] Session created.
[2025-06-03 20:06:40Z INFO Terminal] WRITE LINE: Current runner version: '2.324.0'
[2025-06-03 20:06:40Z INFO Terminal] WRITE LINE: 2025-06-03 20:06:40Z: Listening for Jobs
[2025-06-03 20:06:40Z INFO JobDispatcher] Set runner/worker IPC timeout to 30 seconds.
