[2025-06-03 19:23:39Z INFO HostContext] No proxy settings were found based on environmental variables (http_proxy/https_proxy/HTTP_PROXY/HTTPS_PROXY)
[2025-06-03 19:23:39Z INFO HostContext] Well known directory 'Bin': '/Users/corray/university/sem6/admin/actions-runner/bin'
[2025-06-03 19:23:39Z INFO HostContext] Well known directory 'Root': '/Users/corray/university/sem6/admin/actions-runner'
[2025-06-03 19:23:39Z INFO HostContext] Well known config file 'Credentials': '/Users/corray/university/sem6/admin/actions-runner/.credentials'
[2025-06-03 19:23:39Z INFO HostContext] Well known directory 'Bin': '/Users/corray/university/sem6/admin/actions-runner/bin'
[2025-06-03 19:23:39Z INFO HostContext] Well known directory 'Root': '/Users/corray/university/sem6/admin/actions-runner'
[2025-06-03 19:23:39Z INFO HostContext] Well known config file 'Runner': '/Users/corray/university/sem6/admin/actions-runner/.runner'
[2025-06-03 19:23:39Z INFO Listener] Runner is built for OSX (X64) - osx-x64.
[2025-06-03 19:23:39Z INFO Listener] RuntimeInformation: Darwin 24.4.0 Darwin Kernel Version 24.4.0: Fri Apr 11 18:32:43 PDT 2025; root:xnu-11417.101.15~117/RELEASE_ARM64_T8103.
[2025-06-03 19:23:40Z INFO Listener] Version: 2.324.0
[2025-06-03 19:23:40Z INFO Listener] Commit: da3412efd49b1cf1a0fbdcbcee4e4ac4cc2177c8
[2025-06-03 19:23:40Z INFO Listener] Culture: en-US
[2025-06-03 19:23:40Z INFO Listener] UI Culture: en-US
[2025-06-03 19:23:40Z INFO HostContext] Well known directory 'Bin': '/Users/corray/university/sem6/admin/actions-runner/bin'
[2025-06-03 19:23:40Z INFO HostContext] Well known directory 'Root': '/Users/corray/university/sem6/admin/actions-runner'
[2025-06-03 19:23:40Z INFO Listener] Validating directory permissions for: '/Users/corray/university/sem6/admin/actions-runner'
[2025-06-03 19:23:40Z INFO CommandLineParser] Parse
[2025-06-03 19:23:40Z INFO CommandLineParser] Parsing 5 args
[2025-06-03 19:23:40Z INFO CommandLineParser] parsing argument
[2025-06-03 19:23:40Z INFO CommandLineParser] HasArgs: False
[2025-06-03 19:23:40Z INFO CommandLineParser] Adding Command: configure
[2025-06-03 19:23:40Z INFO CommandLineParser] parsing argument
[2025-06-03 19:23:40Z INFO CommandLineParser] HasArgs: True
[2025-06-03 19:23:40Z INFO CommandLineParser] arg: url
[2025-06-03 19:23:40Z INFO CommandLineParser] parsing argument
[2025-06-03 19:23:40Z INFO CommandLineParser] HasArgs: True
[2025-06-03 19:23:40Z INFO CommandLineParser] Adding option 'url': 'https://github.com/Corray333/admin'
[2025-06-03 19:23:40Z INFO CommandLineParser] parsing argument
[2025-06-03 19:23:40Z INFO CommandLineParser] HasArgs: True
[2025-06-03 19:23:40Z INFO CommandLineParser] arg: token
[2025-06-03 19:23:40Z INFO CommandLineParser] parsing argument
[2025-06-03 19:23:40Z INFO CommandLineParser] HasArgs: True
[2025-06-03 19:23:40Z INFO CommandLineParser] Adding option 'token': '***'
[2025-06-03 19:23:40Z INFO Listener] Arguments parsed
[2025-06-03 19:23:40Z INFO Runner] ExecuteCommand
[2025-06-03 19:23:40Z INFO ConfigurationStore] currentAssemblyLocation: /Users/corray/university/sem6/admin/actions-runner/bin/Runner.Listener.dll
[2025-06-03 19:23:40Z INFO HostContext] Well known directory 'Bin': '/Users/corray/university/sem6/admin/actions-runner/bin'
[2025-06-03 19:23:40Z INFO ConfigurationStore] binPath: /Users/corray/university/sem6/admin/actions-runner/bin
[2025-06-03 19:23:40Z INFO HostContext] Well known directory 'Bin': '/Users/corray/university/sem6/admin/actions-runner/bin'
[2025-06-03 19:23:40Z INFO HostContext] Well known directory 'Root': '/Users/corray/university/sem6/admin/actions-runner'
[2025-06-03 19:23:40Z INFO ConfigurationStore] RootFolder: /Users/corray/university/sem6/admin/actions-runner
[2025-06-03 19:23:40Z INFO HostContext] Well known directory 'Bin': '/Users/corray/university/sem6/admin/actions-runner/bin'
[2025-06-03 19:23:40Z INFO HostContext] Well known directory 'Root': '/Users/corray/university/sem6/admin/actions-runner'
[2025-06-03 19:23:40Z INFO HostContext] Well known config file 'Runner': '/Users/corray/university/sem6/admin/actions-runner/.runner'
[2025-06-03 19:23:40Z INFO ConfigurationStore] ConfigFilePath: /Users/corray/university/sem6/admin/actions-runner/.runner
[2025-06-03 19:23:40Z INFO HostContext] Well known directory 'Bin': '/Users/corray/university/sem6/admin/actions-runner/bin'
[2025-06-03 19:23:40Z INFO HostContext] Well known directory 'Root': '/Users/corray/university/sem6/admin/actions-runner'
[2025-06-03 19:23:40Z INFO HostContext] Well known config file 'MigratedRunner': '/Users/corray/university/sem6/admin/actions-runner/.runner_migrated'
[2025-06-03 19:23:40Z INFO ConfigurationStore] MigratedConfigFilePath: /Users/corray/university/sem6/admin/actions-runner/.runner_migrated
[2025-06-03 19:23:40Z INFO HostContext] Well known directory 'Bin': '/Users/corray/university/sem6/admin/actions-runner/bin'
[2025-06-03 19:23:40Z INFO HostContext] Well known directory 'Root': '/Users/corray/university/sem6/admin/actions-runner'
[2025-06-03 19:23:40Z INFO HostContext] Well known config file 'Credentials': '/Users/corray/university/sem6/admin/actions-runner/.credentials'
[2025-06-03 19:23:40Z INFO ConfigurationStore] CredFilePath: /Users/corray/university/sem6/admin/actions-runner/.credentials
[2025-06-03 19:23:40Z INFO HostContext] Well known directory 'Bin': '/Users/corray/university/sem6/admin/actions-runner/bin'
[2025-06-03 19:23:40Z INFO HostContext] Well known directory 'Root': '/Users/corray/university/sem6/admin/actions-runner'
[2025-06-03 19:23:40Z INFO HostContext] Well known config file 'MigratedCredentials': '/Users/corray/university/sem6/admin/actions-runner/.credentials_migrated'
[2025-06-03 19:23:40Z INFO ConfigurationStore] MigratedCredFilePath: /Users/corray/university/sem6/admin/actions-runner/.credentials_migrated
[2025-06-03 19:23:40Z INFO HostContext] Well known directory 'Bin': '/Users/corray/university/sem6/admin/actions-runner/bin'
[2025-06-03 19:23:40Z INFO HostContext] Well known directory 'Root': '/Users/corray/university/sem6/admin/actions-runner'
[2025-06-03 19:23:40Z INFO HostContext] Well known config file 'Service': '/Users/corray/university/sem6/admin/actions-runner/.service'
[2025-06-03 19:23:40Z INFO ConfigurationStore] ServiceConfigFilePath: /Users/corray/university/sem6/admin/actions-runner/.service
[2025-06-03 19:23:40Z INFO CommandSettings] Flag 'help': 'False'
[2025-06-03 19:23:40Z INFO CommandSettings] Flag 'version': 'False'
[2025-06-03 19:23:40Z INFO CommandSettings] Flag 'commit': 'False'
[2025-06-03 19:23:40Z INFO CommandSettings] Flag 'check': 'False'
[2025-06-03 19:23:40Z INFO CommandSettings] Command 'configure': 'True'
[2025-06-03 19:23:40Z INFO Terminal] WRITE LINE: 
[2025-06-03 19:23:40Z INFO Terminal] WRITE LINE: --------------------------------------------------------------------------------
[2025-06-03 19:23:40Z INFO Terminal] WRITE LINE: |        ____ _ _   _   _       _          _        _   _                      |
[2025-06-03 19:23:40Z INFO Terminal] WRITE LINE: |       / ___(_) |_| | | |_   _| |__      / \   ___| |_(_) ___  _ __  ___      |
[2025-06-03 19:23:40Z INFO Terminal] WRITE LINE: |      | |  _| | __| |_| | | | | '_ \    / _ \ / __| __| |/ _ \| '_ \/ __|     |
[2025-06-03 19:23:40Z INFO Terminal] WRITE LINE: |      | |_| | | |_|  _  | |_| | |_) |  / ___ \ (__| |_| | (_) | | | \__ \     |
[2025-06-03 19:23:40Z INFO Terminal] WRITE LINE: |       \____|_|\__|_| |_|\__,_|_.__/  /_/   \_\___|\__|_|\___/|_| |_|___/     |
[2025-06-03 19:23:40Z INFO Terminal] WRITE LINE: |                                                                              |
[2025-06-03 19:23:40Z INFO Terminal] WRITE: |                       
[2025-06-03 19:23:40Z INFO Terminal] WRITE: Self-hosted runner registration
[2025-06-03 19:23:40Z INFO Terminal] WRITE LINE:                         |
[2025-06-03 19:23:40Z INFO Terminal] WRITE LINE: |                                                                              |
[2025-06-03 19:23:40Z INFO Terminal] WRITE LINE: --------------------------------------------------------------------------------
[2025-06-03 19:23:40Z INFO ConfigurationManager] ConfigureAsync
[2025-06-03 19:23:40Z INFO CommandSettings] Flag 'generateServiceConfig': 'False'
[2025-06-03 19:23:40Z INFO ConfigurationStore] IsConfigured()
[2025-06-03 19:23:40Z INFO ConfigurationStore] IsConfigured: False
[2025-06-03 19:23:40Z INFO ConfigurationManager] Is configured: False
[2025-06-03 19:23:40Z INFO CommandSettings] Arg 'url': 'https://github.com/Corray333/admin'
[2025-06-03 19:23:40Z INFO CommandSettings] Remove url from Arg dictionary.
[2025-06-03 19:23:40Z INFO CommandSettings] Arg 'token': '***'
[2025-06-03 19:23:40Z INFO CommandSettings] Remove token from Arg dictionary.
[2025-06-03 19:23:45Z INFO ConfigurationManager] Http response code: OK from 'POST https://api.github.com/actions/runner-registration' (ABB8:13CAF0:818FDE:8576C7:683F4BC0)
[2025-06-03 19:23:45Z INFO ConfigurationManager] Using V2 flow: False
[2025-06-03 19:23:45Z INFO ConfigurationManager] cred retrieved via GitHub auth
[2025-06-03 19:23:45Z INFO RunnerServer] EstablishVssConnection
[2025-06-03 19:23:45Z INFO RunnerServer] Establish connection with 100 seconds timeout.
[2025-06-03 19:23:46Z INFO GitHubActionsService] Starting operation Location.GetConnectionData
[2025-06-03 19:23:46Z INFO RunnerServer] EstablishVssConnection
[2025-06-03 19:23:46Z INFO RunnerServer] Establish connection with 60 seconds timeout.
[2025-06-03 19:23:46Z INFO GitHubActionsService] Starting operation Location.GetConnectionData
[2025-06-03 19:23:46Z INFO RunnerServer] EstablishVssConnection
[2025-06-03 19:23:46Z INFO RunnerServer] Establish connection with 60 seconds timeout.
[2025-06-03 19:23:46Z INFO GitHubActionsService] Starting operation Location.GetConnectionData
[2025-06-03 19:23:47Z INFO GitHubActionsService] Finished operation Location.GetConnectionData
[2025-06-03 19:23:47Z INFO GitHubActionsService] Finished operation Location.GetConnectionData
[2025-06-03 19:23:47Z INFO GitHubActionsService] Finished operation Location.GetConnectionData
[2025-06-03 19:23:47Z INFO Terminal] WRITE LINE: 
[2025-06-03 19:23:47Z INFO ConfigurationManager] Test Connection complete.
[2025-06-03 19:23:47Z INFO HostContext] Well known directory 'Bin': '/Users/corray/university/sem6/admin/actions-runner/bin'
[2025-06-03 19:23:47Z INFO HostContext] Well known directory 'Root': '/Users/corray/university/sem6/admin/actions-runner'
[2025-06-03 19:23:47Z INFO HostContext] Well known config file 'RSACredentials': '/Users/corray/university/sem6/admin/actions-runner/.credentials_rsaparams'
[2025-06-03 19:23:47Z INFO RSAFileKeyManager] Creating new RSA key using 2048-bit key length
[2025-06-03 19:23:47Z INFO RSAFileKeyManager] Successfully saved RSA key parameters to file /Users/corray/university/sem6/admin/actions-runner/.credentials_rsaparams
[2025-06-03 19:23:47Z INFO RSAFileKeyManager] Which2: 'chmod'
[2025-06-03 19:23:47Z INFO RSAFileKeyManager] Location: '/bin/chmod'
[2025-06-03 19:23:47Z INFO HostContext] Well known directory 'Bin': '/Users/corray/university/sem6/admin/actions-runner/bin'
[2025-06-03 19:23:47Z INFO HostContext] Well known directory 'Root': '/Users/corray/university/sem6/admin/actions-runner'
[2025-06-03 19:23:47Z INFO ProcessInvokerWrapper] Starting process:
[2025-06-03 19:23:47Z INFO ProcessInvokerWrapper]   File name: '/bin/chmod'
[2025-06-03 19:23:47Z INFO ProcessInvokerWrapper]   Arguments: '600 /Users/corray/university/sem6/admin/actions-runner/.credentials_rsaparams'
[2025-06-03 19:23:47Z INFO ProcessInvokerWrapper]   Working directory: '/Users/corray/university/sem6/admin/actions-runner'
[2025-06-03 19:23:47Z INFO ProcessInvokerWrapper]   Require exit code zero: 'False'
[2025-06-03 19:23:47Z INFO ProcessInvokerWrapper]   Encoding web name:  ; code page: ''
[2025-06-03 19:23:47Z INFO ProcessInvokerWrapper]   Force kill process on cancellation: 'False'
[2025-06-03 19:23:47Z INFO ProcessInvokerWrapper]   Redirected STDIN: 'False'
[2025-06-03 19:23:47Z INFO ProcessInvokerWrapper]   Persist current code page: 'False'
[2025-06-03 19:23:47Z INFO ProcessInvokerWrapper]   Keep redirected STDIN open: 'False'
[2025-06-03 19:23:47Z INFO ProcessInvokerWrapper]   High priority process: 'False'
[2025-06-03 19:23:48Z INFO ProcessInvokerWrapper] Process started with process id 84121, waiting for process exit.
[2025-06-03 19:23:48Z INFO ProcessInvokerWrapper] STDOUT/STDERR stream read finished.
[2025-06-03 19:23:48Z INFO ProcessInvokerWrapper] STDOUT/STDERR stream read finished.
[2025-06-03 19:23:48Z INFO ProcessInvokerWrapper] Finished process 84121 with exit code 0, and elapsed time 00:00:00.4013176.
[2025-06-03 19:23:48Z INFO RSAFileKeyManager] Successfully set permissions for RSA key parameters file /Users/corray/university/sem6/admin/actions-runner/.credentials_rsaparams
[2025-06-03 19:23:48Z INFO CommandSettings] Arg 'runnergroup': ''
[2025-06-03 19:23:48Z INFO CommandSettings] Flag 'unattended': 'False'
[2025-06-03 19:23:48Z INFO PromptManager] ReadValue
[2025-06-03 19:23:48Z INFO Terminal] WRITE: Enter the name of the runner group to add this runner to: 
[2025-06-03 19:23:48Z INFO Terminal] WRITE: [press Enter for Default] 
[2025-06-03 19:23:48Z INFO Terminal] READ LINE
[2025-06-03 19:23:49Z INFO Terminal] Read value: ''
[2025-06-03 19:23:49Z INFO PromptManager] Falling back to the default: 'Default'
[2025-06-03 19:23:49Z INFO Terminal] WRITE LINE: 
[2025-06-03 19:23:49Z INFO ConfigurationManager] Found a self-hosted runner group with id 1 and name Default
[2025-06-03 19:23:49Z INFO CommandSettings] Flag 'disableupdate': 'False'
[2025-06-03 19:23:49Z INFO CommandSettings] Flag 'ephemeral': 'False'
[2025-06-03 19:23:49Z INFO CommandSettings] Arg 'name': ''
[2025-06-03 19:23:49Z INFO CommandSettings] Flag 'unattended': 'False'
[2025-06-03 19:23:49Z INFO PromptManager] ReadValue
[2025-06-03 19:23:49Z INFO Terminal] WRITE: Enter the name of runner: 
[2025-06-03 19:23:49Z INFO Terminal] WRITE: [press Enter for Marks-MacBook-Air] 
[2025-06-03 19:23:49Z INFO Terminal] READ LINE
[2025-06-03 19:23:50Z INFO Terminal] Read value: ''
[2025-06-03 19:23:50Z INFO PromptManager] Falling back to the default: 'Marks-MacBook-Air'
[2025-06-03 19:23:50Z INFO Terminal] WRITE LINE: 
[2025-06-03 19:23:50Z INFO CommandSettings] Arg 'labels': ''
[2025-06-03 19:23:50Z INFO CommandSettings] Flag 'unattended': 'False'
[2025-06-03 19:23:50Z INFO PromptManager] ReadValue
[2025-06-03 19:23:50Z INFO Terminal] WRITE: This runner will have the following labels: 'self-hosted', 'macOS', 'X64' 
Enter any additional labels (ex. label-1,label-2): 
[2025-06-03 19:23:50Z INFO Terminal] WRITE: [press Enter to skip] 
[2025-06-03 19:23:50Z INFO Terminal] READ LINE
[2025-06-03 19:23:50Z INFO Terminal] Read value: ''
[2025-06-03 19:23:50Z INFO Terminal] WRITE LINE: 
[2025-06-03 19:23:50Z INFO Terminal] WRITE LINE: A runner exists with the same name
[2025-06-03 19:23:50Z INFO CommandSettings] Flag 'replace': 'False'
[2025-06-03 19:23:50Z INFO CommandSettings] Flag 'unattended': 'False'
[2025-06-03 19:23:50Z INFO PromptManager] ReadValue
[2025-06-03 19:23:50Z INFO Terminal] WRITE: Would you like to replace the existing runner? (Y/N) 
[2025-06-03 19:23:50Z INFO Terminal] WRITE: [press Enter for N] 
[2025-06-03 19:23:50Z INFO Terminal] READ LINE
[2025-06-03 19:23:50Z INFO Terminal] Read value: ''
[2025-06-03 19:23:50Z INFO PromptManager] Falling back to the default: 'N'
[2025-06-03 19:23:50Z INFO CommandSettings] Flag 'unattended': 'False'
[2025-06-03 19:23:50Z INFO CommandSettings] Flag 'disableupdate': 'False'
[2025-06-03 19:23:50Z INFO CommandSettings] Flag 'ephemeral': 'False'
[2025-06-03 19:23:50Z INFO CommandSettings] Arg 'name': ''
[2025-06-03 19:23:50Z INFO CommandSettings] Flag 'unattended': 'False'
[2025-06-03 19:23:50Z INFO PromptManager] ReadValue
[2025-06-03 19:23:50Z INFO Terminal] WRITE: Enter the name of runner: 
[2025-06-03 19:23:50Z INFO Terminal] WRITE: [press Enter for Marks-MacBook-Air] 
[2025-06-03 19:23:50Z INFO Terminal] READ LINE
[2025-06-03 19:23:50Z INFO Terminal] Read value: ''
[2025-06-03 19:23:50Z INFO PromptManager] Falling back to the default: 'Marks-MacBook-Air'
[2025-06-03 19:23:50Z INFO Terminal] WRITE LINE: 
[2025-06-03 19:23:50Z INFO CommandSettings] Arg 'labels': ''
[2025-06-03 19:23:50Z INFO CommandSettings] Flag 'unattended': 'False'
[2025-06-03 19:23:50Z INFO PromptManager] ReadValue
[2025-06-03 19:23:50Z INFO Terminal] WRITE: This runner will have the following labels: 'self-hosted', 'macOS', 'X64' 
Enter any additional labels (ex. label-1,label-2): 
[2025-06-03 19:23:50Z INFO Terminal] WRITE: [press Enter to skip] 
[2025-06-03 19:23:50Z INFO Terminal] READ LINE
[2025-06-03 19:23:51Z INFO Terminal] Read value: ''
[2025-06-03 19:23:51Z INFO Terminal] WRITE LINE: 
[2025-06-03 19:23:51Z INFO Terminal] WRITE LINE: A runner exists with the same name
[2025-06-03 19:23:51Z INFO CommandSettings] Flag 'replace': 'False'
[2025-06-03 19:23:51Z INFO CommandSettings] Flag 'unattended': 'False'
[2025-06-03 19:23:51Z INFO PromptManager] ReadValue
[2025-06-03 19:23:51Z INFO Terminal] WRITE: Would you like to replace the existing runner? (Y/N) 
[2025-06-03 19:23:51Z INFO Terminal] WRITE: [press Enter for N] 
[2025-06-03 19:23:51Z INFO Terminal] READ LINE
[2025-06-03 19:23:51Z INFO Terminal] Read value: ''
[2025-06-03 19:23:51Z INFO PromptManager] Falling back to the default: 'N'
[2025-06-03 19:23:51Z INFO CommandSettings] Flag 'unattended': 'False'
[2025-06-03 19:23:51Z INFO CommandSettings] Flag 'disableupdate': 'False'
[2025-06-03 19:23:51Z INFO CommandSettings] Flag 'ephemeral': 'False'
[2025-06-03 19:23:51Z INFO CommandSettings] Arg 'name': ''
[2025-06-03 19:23:51Z INFO CommandSettings] Flag 'unattended': 'False'
[2025-06-03 19:23:51Z INFO PromptManager] ReadValue
[2025-06-03 19:23:51Z INFO Terminal] WRITE: Enter the name of runner: 
[2025-06-03 19:23:51Z INFO Terminal] WRITE: [press Enter for Marks-MacBook-Air] 
[2025-06-03 19:23:51Z INFO Terminal] READ LINE
[2025-06-03 19:23:51Z INFO Terminal] Read value: ''
[2025-06-03 19:23:51Z INFO PromptManager] Falling back to the default: 'Marks-MacBook-Air'
[2025-06-03 19:23:51Z INFO Terminal] WRITE LINE: 
[2025-06-03 19:23:51Z INFO CommandSettings] Arg 'labels': ''
[2025-06-03 19:23:51Z INFO CommandSettings] Flag 'unattended': 'False'
[2025-06-03 19:23:51Z INFO PromptManager] ReadValue
[2025-06-03 19:23:51Z INFO Terminal] WRITE: This runner will have the following labels: 'self-hosted', 'macOS', 'X64' 
Enter any additional labels (ex. label-1,label-2): 
[2025-06-03 19:23:51Z INFO Terminal] WRITE: [press Enter to skip] 
[2025-06-03 19:23:51Z INFO Terminal] READ LINE
[2025-06-03 19:23:51Z INFO Terminal] Read value: ''
[2025-06-03 19:23:51Z INFO Terminal] WRITE LINE: 
[2025-06-03 19:23:52Z INFO Terminal] WRITE LINE: A runner exists with the same name
[2025-06-03 19:23:52Z INFO CommandSettings] Flag 'replace': 'False'
[2025-06-03 19:23:52Z INFO CommandSettings] Flag 'unattended': 'False'
[2025-06-03 19:23:52Z INFO PromptManager] ReadValue
[2025-06-03 19:23:52Z INFO Terminal] WRITE: Would you like to replace the existing runner? (Y/N) 
[2025-06-03 19:23:52Z INFO Terminal] WRITE: [press Enter for N] 
[2025-06-03 19:23:52Z INFO Terminal] READ LINE
[2025-06-03 19:23:56Z INFO Terminal] Read value: 'y'
[2025-06-03 19:23:56Z INFO CommandSettings] Flag 'disableupdate': 'False'
[2025-06-03 19:23:56Z INFO CommandSettings] Flag 'no-default-labels': 'False'
[2025-06-03 19:23:57Z INFO CommandSettings] Flag 'disableupdate': 'False'
[2025-06-03 19:23:57Z INFO CommandSettings] Flag 'ephemeral': 'False'
[2025-06-03 19:23:57Z INFO ConfigurationStore] Saving OAuth credential @ /Users/corray/university/sem6/admin/actions-runner/.credentials
[2025-06-03 19:23:57Z INFO ConfigurationStore] Credentials Saved.
[2025-06-03 19:23:57Z INFO ConfigurationStore] HasCredentials()
[2025-06-03 19:23:57Z INFO ConfigurationStore] stored True
[2025-06-03 19:23:57Z INFO CredentialManager] GetCredentialProvider
[2025-06-03 19:23:57Z INFO CredentialManager] Creating type OAuth
[2025-06-03 19:23:57Z INFO CredentialManager] Creating credential type: OAuth
[2025-06-03 19:23:57Z INFO RSAFileKeyManager] Loading RSA key parameters from file /Users/corray/university/sem6/admin/actions-runner/.credentials_rsaparams
[2025-06-03 19:23:57Z INFO RunnerServer] EstablishVssConnection
[2025-06-03 19:23:57Z INFO RunnerServer] Establish connection with 100 seconds timeout.
[2025-06-03 19:23:57Z INFO GitHubActionsService] Starting operation Location.GetConnectionData
[2025-06-03 19:23:57Z INFO RunnerServer] EstablishVssConnection
[2025-06-03 19:23:57Z INFO RunnerServer] Establish connection with 60 seconds timeout.
[2025-06-03 19:23:57Z INFO GitHubActionsService] Starting operation Location.GetConnectionData
[2025-06-03 19:23:57Z INFO RunnerServer] EstablishVssConnection
[2025-06-03 19:23:57Z INFO RunnerServer] Establish connection with 60 seconds timeout.
[2025-06-03 19:23:57Z INFO GitHubActionsService] Starting operation Location.GetConnectionData
[2025-06-03 19:23:58Z INFO GitHubActionsService] Finished operation Location.GetConnectionData
[2025-06-03 19:23:58Z INFO GitHubActionsService] Finished operation Location.GetConnectionData
[2025-06-03 19:23:58Z INFO GitHubActionsService] Finished operation Location.GetConnectionData
[2025-06-03 19:23:58Z INFO RSAFileKeyManager] Loading RSA key parameters from file /Users/corray/university/sem6/admin/actions-runner/.credentials_rsaparams
[2025-06-03 19:23:58Z INFO RSAFileKeyManager] Loading RSA key parameters from file /Users/corray/university/sem6/admin/actions-runner/.credentials_rsaparams
[2025-06-03 19:23:59Z INFO GitHubActionsService] AAD Correlation ID for this token request: Unknown
[2025-06-03 19:23:59Z INFO ConfigurationManager] Service enforced serverUrlV2: https://broker.actions.githubusercontent.com/
[2025-06-03 19:23:59Z INFO ConfigurationManager] Service enforced useV2Flow: True
[2025-06-03 19:23:59Z INFO CommandSettings] Arg 'work': ''
[2025-06-03 19:23:59Z INFO CommandSettings] Flag 'unattended': 'False'
[2025-06-03 19:23:59Z INFO PromptManager] ReadValue
[2025-06-03 19:23:59Z INFO Terminal] WRITE: Enter name of work folder: 
[2025-06-03 19:23:59Z INFO Terminal] WRITE: [press Enter for _work] 
[2025-06-03 19:23:59Z INFO Terminal] READ LINE
[2025-06-03 19:24:00Z INFO Terminal] Read value: ''
[2025-06-03 19:24:00Z INFO PromptManager] Falling back to the default: '_work'
[2025-06-03 19:24:00Z INFO ConfigurationStore] Saving runner settings.
[2025-06-03 19:24:00Z INFO ConfigurationStore] Settings Saved.
[2025-06-03 19:24:00Z INFO Terminal] WRITE LINE: 
[2025-06-03 19:24:00Z INFO Terminal] WRITE LINE: 
[2025-06-03 19:24:00Z INFO OsxServiceControlManager] Service name 'actions.runner.Corray333-admin.Marks-MacBook-Air' display name 'GitHub Actions Runner (Corray333-admin.Marks-MacBook-Air)' will be used for service configuration.
[2025-06-03 19:24:00Z INFO HostContext] Well known directory 'Bin': '/Users/corray/university/sem6/admin/actions-runner/bin'
[2025-06-03 19:24:00Z INFO HostContext] Well known directory 'Root': '/Users/corray/university/sem6/admin/actions-runner'
[2025-06-03 19:24:00Z INFO HostContext] Well known directory 'Bin': '/Users/corray/university/sem6/admin/actions-runner/bin'
[2025-06-03 19:24:00Z INFO HostContext] Well known directory 'Bin': '/Users/corray/university/sem6/admin/actions-runner/bin'
[2025-06-03 19:24:00Z INFO HostContext] Well known directory 'Root': '/Users/corray/university/sem6/admin/actions-runner'
[2025-06-03 19:24:00Z INFO UnixUtil] Which2: 'chmod'
[2025-06-03 19:24:00Z INFO UnixUtil] Location: '/bin/chmod'
[2025-06-03 19:24:00Z INFO UnixUtil] Running /bin/chmod 755 "/Users/corray/university/sem6/admin/actions-runner/svc.sh"
[2025-06-03 19:24:00Z INFO ProcessInvokerWrapper] Starting process:
[2025-06-03 19:24:00Z INFO ProcessInvokerWrapper]   File name: '/bin/chmod'
[2025-06-03 19:24:00Z INFO ProcessInvokerWrapper]   Arguments: '755 "/Users/corray/university/sem6/admin/actions-runner/svc.sh"'
[2025-06-03 19:24:00Z INFO ProcessInvokerWrapper]   Working directory: '/Users/corray/university/sem6/admin/actions-runner'
[2025-06-03 19:24:00Z INFO ProcessInvokerWrapper]   Require exit code zero: 'True'
[2025-06-03 19:24:00Z INFO ProcessInvokerWrapper]   Encoding web name:  ; code page: ''
[2025-06-03 19:24:00Z INFO ProcessInvokerWrapper]   Force kill process on cancellation: 'False'
[2025-06-03 19:24:00Z INFO ProcessInvokerWrapper]   Redirected STDIN: 'False'
[2025-06-03 19:24:00Z INFO ProcessInvokerWrapper]   Persist current code page: 'False'
[2025-06-03 19:24:00Z INFO ProcessInvokerWrapper]   Keep redirected STDIN open: 'False'
[2025-06-03 19:24:00Z INFO ProcessInvokerWrapper]   High priority process: 'False'
[2025-06-03 19:24:00Z INFO ProcessInvokerWrapper] Process started with process id 84137, waiting for process exit.
[2025-06-03 19:24:00Z INFO ProcessInvokerWrapper] STDOUT/STDERR stream read finished.
[2025-06-03 19:24:00Z INFO ProcessInvokerWrapper] STDOUT/STDERR stream read finished.
[2025-06-03 19:24:00Z INFO ProcessInvokerWrapper] Finished process 84137 with exit code 0, and elapsed time 00:00:00.0601951.
[2025-06-03 19:24:00Z INFO Listener] Runner execution has finished with return code 0
